<?xml version="1.0" encoding="UTF-8"?>
<testng-results skipped="0" failed="0" ignored="0" total="1" passed="1">
  <reporter-output>
  </reporter-output>
  <suite name="Default suite" duration-ms="41011" started-at="2022-08-22T14:59:24Z" finished-at="2022-08-22T15:00:05Z">
    <groups>
    </groups>
    <test name="Default test" duration-ms="41011" started-at="2022-08-22T14:59:24Z" finished-at="2022-08-22T15:00:05Z">
      <class name="com.actitime.test.TestActitimeLoginaAndLogout">
        <test-method status="PASS" signature="setup()[pri:0, instance:com.actitime.test.TestActitimeLoginaAndLogout@31a5c39e]" name="setup" is-config="true" duration-ms="27932" started-at="2022-08-22T14:59:24Z" finished-at="2022-08-22T14:59:52Z">
          <reporter-output>
          </reporter-output>
        </test-method> <!-- setup -->
        <test-method status="PASS" signature="verifyLoginAndLogout()[pri:0, instance:com.actitime.test.TestActitimeLoginaAndLogout@31a5c39e]" name="verifyLoginAndLogout" duration-ms="2326" started-at="2022-08-22T14:59:52Z" finished-at="2022-08-22T14:59:54Z">
          <reporter-output>
          </reporter-output>
        </test-method> <!-- verifyLoginAndLogout -->
        <test-method status="PASS" signature="teardown()[pri:0, instance:com.actitime.test.TestActitimeLoginaAndLogout@31a5c39e]" name="teardown" is-config="true" duration-ms="10700" started-at="2022-08-22T14:59:54Z" finished-at="2022-08-22T15:00:05Z">
          <reporter-output>
          </reporter-output>
        </test-method> <!-- teardown -->
      </class> <!-- com.actitime.test.TestActitimeLoginaAndLogout -->
    </test> <!-- Default test -->
  </suite> <!-- Default suite -->
</testng-results>
